#
# There is insufficient memory for the Java Runtime Environment to continue.
# Native memory allocation (malloc) failed to allocate 1048576 bytes for AllocateHeap
# Possible reasons:
#   The system is out of physical RAM or swap space
#   The process is running with CompressedOops enabled, and the Java Heap may be blocking the growth of the native heap
# Possible solutions:
#   Reduce memory load on the system
#   Increase physical memory or swap space
#   Check if swap backing store is full
#   Decrease Java heap size (-Xmx/-Xms)
#   Decrease number of Java threads
#   Decrease Java thread stack sizes (-Xss)
#   Set larger code cache with -XX:ReservedCodeCacheSize=
#   JVM is running with Unscaled Compressed Oops mode in which the Java heap is
#     placed in the first 4GB address space. The Java Heap base address is the
#     maximum limit for the native heap growth. Please use -XX:HeapBaseMinAddress
#     to set the Java Heap base and to place the Java Heap above 4GB virtual address.
# This output file may be truncated or incomplete.
#
#  Out of Memory Error (memory/allocation.inline.hpp:61), pid=3208, tid=0x0000000000006230
#
# JRE version:  (8.0_431) (build )
# Java VM: Java HotSpot(TM) 64-Bit Server VM (25.431-b10 mixed mode windows-amd64 compressed oops)
# Failed to write core dump. Minidumps are not enabled by default on client versions of Windows
#

---------------  T H R E A D  ---------------

Current thread (0x000001d879bef000):  JavaThread "Unknown thread" [_thread_in_vm, id=25136, stack(0x0000004813400000,0x0000004813500000)]

Stack: [0x0000004813400000,0x0000004813500000]
Native frames: (J=compiled Java code, j=interpreted, Vv=VM code, C=native code)
V  [jvm.dll+0x34ba89]


---------------  P R O C E S S  ---------------

Java Threads: ( => current thread )

Other Threads:

=>0x000001d879bef000 (exited) JavaThread "Unknown thread" [_thread_in_vm, id=25136, stack(0x0000004813400000,0x0000004813500000)]

VM state:not at safepoint (normal execution)

VM Mutex/Monitor currently owned by a thread: None

heap address: 0x0000000084200000, size: 1982 MB, Compressed Oops mode: 32-bit
Narrow klass base: 0x0000000000000000, Narrow klass shift: 3
Compressed class space size: 1073741824 Address: 0x0000000100000000

Heap:
 PSYoungGen      total 36864K, used 634K [0x00000000d6b80000, 0x00000000d9480000, 0x0000000100000000)
  eden space 31744K, 2% used [0x00000000d6b80000,0x00000000d6c1eb90,0x00000000d8a80000)
  from space 5120K, 0% used [0x00000000d8f80000,0x00000000d8f80000,0x00000000d9480000)
  to   space 5120K, 0% used [0x00000000d8a80000,0x00000000d8a80000,0x00000000d8f80000)
 ParOldGen       total 84992K, used 0K [0x0000000084200000, 0x0000000089500000, 0x00000000d6b80000)
  object space 84992K, 0% used [0x0000000084200000,0x0000000084200000,0x0000000089500000)
 Metaspace       used 775K, capacity 4480K, committed 4480K, reserved 1056768K
  class space    used 76K, capacity 384K, committed 384K, reserved 1048576K

Card table byte_map: [0x000001d87b9b0000,0x000001d87bd90000] byte_map_base: 0x000001d87b58f000

Marking Bits: (ParMarkBitMap*) 0x00007ffb9dab0200
 Begin Bits: [0x000001d87c030000, 0x000001d87df28000)
 End Bits:   [0x000001d87df28000, 0x000001d87fe20000)

Polling page: 0x000001d879dd0000

CodeCache: size=245760Kb used=329Kb max_used=329Kb free=245430Kb
 bounds [0x000001d800000000, 0x000001d800270000, 0x000001d80f000000]
 total_blobs=58 nmethods=0 adapters=38
 compilation: enabled

Compilation events (0 events):
No events

GC Heap History (0 events):
No events

Deoptimization events (0 events):
No events

Classes redefined (0 events):
No events

Internal exceptions (0 events):
No events

Events (10 events):
Event: 0.067 loading class java/lang/Short
Event: 0.067 loading class java/lang/Short done
Event: 0.067 loading class java/lang/Integer
Event: 0.067 loading class java/lang/Integer done
Event: 0.067 loading class java/lang/Long
Event: 0.067 loading class java/lang/Long done
Event: 0.068 loading class java/lang/NullPointerException
Event: 0.068 loading class java/lang/NullPointerException done
Event: 0.068 loading class java/lang/ArithmeticException
Event: 0.068 loading class java/lang/ArithmeticException done


Dynamic libraries:
0x00007ff79a340000 - 0x00007ff79a38f000 	C:\Java\jdk-1.8\bin\java.exe
0x00007ffc16c10000 - 0x00007ffc16e27000 	C:\WINDOWS\SYSTEM32\ntdll.dll
0x00007ffc15ac0000 - 0x00007ffc15b84000 	C:\WINDOWS\System32\KERNEL32.DLL
0x00007ffc13f10000 - 0x00007ffc142e3000 	C:\WINDOWS\System32\KERNELBASE.dll
0x00007ffc150d0000 - 0x00007ffc15181000 	C:\WINDOWS\System32\ADVAPI32.dll
0x00007ffc15690000 - 0x00007ffc15737000 	C:\WINDOWS\System32\msvcrt.dll
0x00007ffc16a50000 - 0x00007ffc16af8000 	C:\WINDOWS\System32\sechost.dll
0x00007ffc13ee0000 - 0x00007ffc13f08000 	C:\WINDOWS\System32\bcrypt.dll
0x00007ffc149e0000 - 0x00007ffc14af4000 	C:\WINDOWS\System32\RPCRT4.dll
0x00007ffc157a0000 - 0x00007ffc15951000 	C:\WINDOWS\System32\USER32.dll
0x00007ffc146c0000 - 0x00007ffc146e6000 	C:\WINDOWS\System32\win32u.dll
0x00007ffc15760000 - 0x00007ffc15789000 	C:\WINDOWS\System32\GDI32.dll
0x00007ffc13dc0000 - 0x00007ffc13edb000 	C:\WINDOWS\System32\gdi32full.dll
0x00007ffc13d20000 - 0x00007ffc13dba000 	C:\WINDOWS\System32\msvcp_win.dll
0x00007ffc14460000 - 0x00007ffc14571000 	C:\WINDOWS\System32\ucrtbase.dll
0x00007ffbfc0e0000 - 0x00007ffbfc378000 	C:\WINDOWS\WinSxS\amd64_microsoft.windows.common-controls_6595b64144ccf1df_6.0.22621.5124_none_270e8f4f7386d69d\COMCTL32.dll
0x00007ffc149a0000 - 0x00007ffc149d1000 	C:\WINDOWS\System32\IMM32.DLL
0x00007ffbf9220000 - 0x00007ffbf923b000 	C:\Java\jdk-1.8\jre\bin\vcruntime140.dll
0x00007ffbfaed0000 - 0x00007ffbfaedc000 	C:\Java\jdk-1.8\jre\bin\vcruntime140_1.dll
0x00007ffbed4f0000 - 0x00007ffbed57e000 	C:\Java\jdk-1.8\jre\bin\msvcp140.dll
0x00007ffb9d280000 - 0x00007ffb9db2a000 	C:\Java\jdk-1.8\jre\bin\server\jvm.dll
0x00007ffc15960000 - 0x00007ffc15968000 	C:\WINDOWS\System32\PSAPI.DLL
0x00007ffbeb720000 - 0x00007ffbeb729000 	C:\WINDOWS\SYSTEM32\WSOCK32.dll
0x00007ffc148b0000 - 0x00007ffc14921000 	C:\WINDOWS\System32\WS2_32.dll
0x00007ffc0ab60000 - 0x00007ffc0ab94000 	C:\WINDOWS\SYSTEM32\WINMM.dll
0x00007ffc04e80000 - 0x00007ffc04e8a000 	C:\WINDOWS\SYSTEM32\VERSION.dll
0x00007ffc12d20000 - 0x00007ffc12d38000 	C:\WINDOWS\SYSTEM32\kernel.appcore.dll
0x00007ffbfaba0000 - 0x00007ffbfabb0000 	C:\Java\jdk-1.8\jre\bin\verify.dll
0x00007ffbf1f70000 - 0x00007ffbf1f9b000 	C:\Java\jdk-1.8\jre\bin\java.dll
0x00007ffbf7c30000 - 0x00007ffbf7c48000 	C:\Java\jdk-1.8\jre\bin\zip.dll

VM Arguments:
java_command: <unknown>
java_class_path (initial): .
Launcher Type: SUN_STANDARD

Environment Variables:
JAVA_HOME=C:\Java\jdk-1.8
PATH=c:\Users\SAI VIGNESH\AppData\Local\Programs\cursor\resources\app\bin;C:\oraclexe\app\oracle\product\11.2.0\server\bin;C:\WINDOWS\system32;C:\WINDOWS;C:\WINDOWS\System32\Wbem;C:\WINDOWS\System32\WindowsPowerShell\v1.0\;C:\WINDOWS\System32\OpenSSH\;C:\Program Files\dotnet\;C:\MinGW\bin;C:\Program Files\Git\cmd;C:\Java\jdk-1.8\bin;C:\hadoopsetup\hadoop-3.2.4\bin;C:\Program Files\MySQL\MySQL Server 8.0\bin;C:\hadoopsetup\hadoop-3.2.4\bin;C:\hadoopsetup\hadoop-3.2.4\sbin;C:\Java\jdk-1.8\bin;C:\Program Files\MySQL\MySQL Shell 8.0\bin\;C:\Users\SAI VIGNESH\AppData\Local\Programs\Eclipse Adoptium\jdk-17.0.9.9-hotspot\bin;C:\Users\SAI VIGNESH\AppData\Local\Microsoft\WindowsApps;C:\MinGW\bin;C:\msys64\ucrt64\bin;C:\MinGW\bin;c:\Users\SAI VIGNESH\AppData\Local\Programs\cursor\resources\app\bin;C:\Program Files\nodejs\;C:\hive\apache-hive-3.1.3-bin\bin;C:\derby\db-derby-10.14.2.0-bin\bin;C:\hbasesetup\hbase-1.4.9\bin;C:\Program Files\Docker\Docker\resources\bin;C:\pig-0.17.0\bin;C:\Program Files\MySQL\MySQL Shell 8.0\bin\;C:\Users\SAI VIGNESH\AppData\Local\Programs\Eclipse Adoptium\jdk-17.0.9.9-hotspot\bin;C:\Users\SAI VIGNESH\AppData\Local\Microsoft\WindowsApps;C:\MinGW\bin;C:\Users\SAI VIGNESH\AppData\Local\Programs\Microsoft VS Code\bin;C:\msys64\ucrt64\bin;C:\MinGW\bin;C:\Users\SAI VIGNESH\AppData\Local\Programs\cursor\resources\app\bin;C:\Users\SAI VIGNESH\AppData\Roaming\npm
USERNAME=SAI VIGNESH
OS=Windows_NT
PROCESSOR_IDENTIFIER=Intel64 Family 6 Model 140 Stepping 1, GenuineIntel



---------------  S Y S T E M  ---------------

OS: Windows 11 , 64 bit Build 22621 (10.0.22621.5124)

CPU:total 4 (initial active 4) (2 cores per cpu, 2 threads per core) family 6 model 140 stepping 1, cmov, cx8, fxsr, mmx, sse, sse2, sse3, ssse3, sse4.1, sse4.2, popcnt, avx, avx2, aes, clmul, erms, 3dnowpref, lzcnt, ht, tsc, tscinvbit, bmi1, bmi2, adx

Memory: 4k page, physical 8117024k(407180k free), swap 16505632k(3128k free)

vm_info: Java HotSpot(TM) 64-Bit Server VM (25.431-b10) for windows-amd64 JRE (1.8.0_431-b10), built on Sep 30 2024 08:11:54 by "java_re" with MS VC++ 17.6 (VS2022)

time: Tue Apr 22 14:10:49 2025
timezone: India Standard Time
elapsed time: 0.083212 seconds (0d 0h 0m 0s)

